Performing C SOURCE FILE Test CMAKE_HAVE_LIBC_PTHREAD failed with the following output:
Change Dir: /home/rdu/Workspace/weston_robot/devel/wrp_io/build/CMakeFiles/CMakeTmp

Run Build Command(s):/usr/bin/make cmTC_634a6/fast && /usr/bin/make  -f CMakeFiles/cmTC_634a6.dir/build.make CMakeFiles/cmTC_634a6.dir/build
make[1]: Entering directory '/home/rdu/Workspace/weston_robot/devel/wrp_io/build/CMakeFiles/CMakeTmp'
Building C object CMakeFiles/cmTC_634a6.dir/src.c.o
/usr/bin/cc   -DCMAKE_HAVE_LIBC_PTHREAD   -o CMakeFiles/cmTC_634a6.dir/src.c.o   -c /home/rdu/Workspace/weston_robot/devel/wrp_io/build/CMakeFiles/CMakeTmp/src.c
Linking C executable cmTC_634a6
/usr/local/bin/cmake -E cmake_link_script CMakeFiles/cmTC_634a6.dir/link.txt --verbose=1
/usr/bin/cc  -DCMAKE_HAVE_LIBC_PTHREAD    CMakeFiles/cmTC_634a6.dir/src.c.o  -o cmTC_634a6 
CMakeFiles/cmTC_634a6.dir/src.c.o: In function `main':
src.c:(.text+0x3e): undefined reference to `pthread_create'
src.c:(.text+0x4a): undefined reference to `pthread_detach'
src.c:(.text+0x5b): undefined reference to `pthread_join'
src.c:(.text+0x6f): undefined reference to `pthread_atfork'
collect2: error: ld returned 1 exit status
CMakeFiles/cmTC_634a6.dir/build.make:89: recipe for target 'cmTC_634a6' failed
make[1]: *** [cmTC_634a6] Error 1
make[1]: Leaving directory '/home/rdu/Workspace/weston_robot/devel/wrp_io/build/CMakeFiles/CMakeTmp'
Makefile:124: recipe for target 'cmTC_634a6/fast' failed
make: *** [cmTC_634a6/fast] Error 2


Source file was:
#include <pthread.h>

void* test_func(void* data)
{
  return data;
}

int main(void)
{
  pthread_t thread;
  pthread_create(&thread, NULL, test_func, NULL);
  pthread_detach(thread);
  pthread_join(thread, NULL);
  pthread_atfork(NULL, NULL, NULL);
  pthread_exit(NULL);

  return 0;
}

Determining if the function pthread_create exists in the pthreads failed with the following output:
Change Dir: /home/rdu/Workspace/weston_robot/devel/wrp_io/build/CMakeFiles/CMakeTmp

Run Build Command(s):/usr/bin/make cmTC_c71e5/fast && /usr/bin/make  -f CMakeFiles/cmTC_c71e5.dir/build.make CMakeFiles/cmTC_c71e5.dir/build
make[1]: Entering directory '/home/rdu/Workspace/weston_robot/devel/wrp_io/build/CMakeFiles/CMakeTmp'
Building C object CMakeFiles/cmTC_c71e5.dir/CheckFunctionExists.c.o
/usr/bin/cc   -DCHECK_FUNCTION_EXISTS=pthread_create   -o CMakeFiles/cmTC_c71e5.dir/CheckFunctionExists.c.o   -c /usr/local/share/cmake-3.16/Modules/CheckFunctionExists.c
Linking C executable cmTC_c71e5
/usr/local/bin/cmake -E cmake_link_script CMakeFiles/cmTC_c71e5.dir/link.txt --verbose=1
/usr/bin/cc  -DCHECK_FUNCTION_EXISTS=pthread_create    CMakeFiles/cmTC_c71e5.dir/CheckFunctionExists.c.o  -o cmTC_c71e5  -lpthreads 
/usr/bin/ld: cannot find -lpthreads
collect2: error: ld returned 1 exit status
CMakeFiles/cmTC_c71e5.dir/build.make:89: recipe for target 'cmTC_c71e5' failed
make[1]: *** [cmTC_c71e5] Error 1
make[1]: Leaving directory '/home/rdu/Workspace/weston_robot/devel/wrp_io/build/CMakeFiles/CMakeTmp'
Makefile:124: recipe for target 'cmTC_c71e5/fast' failed
make: *** [cmTC_c71e5/fast] Error 2



